<?xml version="1.0" encoding="UTF-8"?>
<testsuite xmlns:xsi="http://www.w3.org/2001/XMLSchema-instance" xsi:noNamespaceSchemaLocation="https://maven.apache.org/surefire/maven-surefire-plugin/xsd/surefire-test-report.xsd" name="com.bysj.base.AppTest" time="12.455" tests="1" errors="0" skipped="0" failures="0">
  <properties>
    <property name="sun.desktop" value="windows"/>
    <property name="awt.toolkit" value="sun.awt.windows.WToolkit"/>
    <property name="file.encoding.pkg" value="sun.io"/>
    <property name="java.specification.version" value="1.8"/>
    <property name="sun.cpu.isalist" value="amd64"/>
    <property name="sun.jnu.encoding" value="GBK"/>
    <property name="java.class.path" value="G:\IT实战平台\项目统一整理\2021-10-27\猿来入此\javaweb\付费下载含论文项目\宿舍维修上报\源码数据库\项目源码\communcity\target\test-classes;G:\IT实战平台\项目统一整理\2021-10-27\猿来入此\javaweb\付费下载含论文项目\宿舍维修上报\源码数据库\项目源码\communcity\target\classes;E:\soltware_install\apache-maven-3.2.5\store\org\springframework\boot\spring-boot-starter-data-jpa\2.1.0.BUILD-SNAPSHOT\spring-boot-starter-data-jpa-2.1.0.BUILD-SNAPSHOT.jar;E:\soltware_install\apache-maven-3.2.5\store\org\springframework\boot\spring-boot-starter-aop\2.1.0.BUILD-SNAPSHOT\spring-boot-starter-aop-2.1.0.BUILD-SNAPSHOT.jar;E:\soltware_install\apache-maven-3.2.5\store\org\springframework\spring-aop\5.1.2.RELEASE\spring-aop-5.1.2.RELEASE.jar;E:\soltware_install\apache-maven-3.2.5\store\org\aspectj\aspectjweaver\1.9.2\aspectjweaver-1.9.2.jar;E:\soltware_install\apache-maven-3.2.5\store\org\springframework\boot\spring-boot-starter-jdbc\2.1.0.BUILD-SNAPSHOT\spring-boot-starter-jdbc-2.1.0.BUILD-SNAPSHOT.jar;E:\soltware_install\apache-maven-3.2.5\store\com\zaxxer\HikariCP\3.2.0\HikariCP-3.2.0.jar;E:\soltware_install\apache-maven-3.2.5\store\org\springframework\spring-jdbc\5.1.2.RELEASE\spring-jdbc-5.1.2.RELEASE.jar;E:\soltware_install\apache-maven-3.2.5\store\javax\transaction\javax.transaction-api\1.3\javax.transaction-api-1.3.jar;E:\soltware_install\apache-maven-3.2.5\store\javax\xml\bind\jaxb-api\2.3.1\jaxb-api-2.3.1.jar;E:\soltware_install\apache-maven-3.2.5\store\javax\activation\javax.activation-api\1.2.0\javax.activation-api-1.2.0.jar;E:\soltware_install\apache-maven-3.2.5\store\org\hibernate\hibernate-core\5.3.7.Final\hibernate-core-5.3.7.Final.jar;E:\soltware_install\apache-maven-3.2.5\store\org\jboss\logging\jboss-logging\3.3.2.Final\jboss-logging-3.3.2.Final.jar;E:\soltware_install\apache-maven-3.2.5\store\javax\persistence\javax.persistence-api\2.2\javax.persistence-api-2.2.jar;E:\soltware_install\apache-maven-3.2.5\store\org\javassist\javassist\3.23.1-GA\javassist-3.23.1-GA.jar;E:\soltware_install\apache-maven-3.2.5\store\net\bytebuddy\byte-buddy\1.9.3\byte-buddy-1.9.3.jar;E:\soltware_install\apache-maven-3.2.5\store\antlr\antlr\2.7.7\antlr-2.7.7.jar;E:\soltware_install\apache-maven-3.2.5\store\org\jboss\jandex\2.0.5.Final\jandex-2.0.5.Final.jar;E:\soltware_install\apache-maven-3.2.5\store\com\fasterxml\classmate\1.4.0\classmate-1.4.0.jar;E:\soltware_install\apache-maven-3.2.5\store\org\dom4j\dom4j\2.1.1\dom4j-2.1.1.jar;E:\soltware_install\apache-maven-3.2.5\store\org\hibernate\common\hibernate-commons-annotations\5.0.4.Final\hibernate-commons-annotations-5.0.4.Final.jar;E:\soltware_install\apache-maven-3.2.5\store\org\springframework\data\spring-data-jpa\2.1.2.RELEASE\spring-data-jpa-2.1.2.RELEASE.jar;E:\soltware_install\apache-maven-3.2.5\store\org\springframework\data\spring-data-commons\2.1.2.RELEASE\spring-data-commons-2.1.2.RELEASE.jar;E:\soltware_install\apache-maven-3.2.5\store\org\springframework\spring-orm\5.1.2.RELEASE\spring-orm-5.1.2.RELEASE.jar;E:\soltware_install\apache-maven-3.2.5\store\org\springframework\spring-tx\5.1.2.RELEASE\spring-tx-5.1.2.RELEASE.jar;E:\soltware_install\apache-maven-3.2.5\store\org\springframework\spring-beans\5.1.2.RELEASE\spring-beans-5.1.2.RELEASE.jar;E:\soltware_install\apache-maven-3.2.5\store\org\slf4j\slf4j-api\1.7.25\slf4j-api-1.7.25.jar;E:\soltware_install\apache-maven-3.2.5\store\org\springframework\spring-aspects\5.1.2.RELEASE\spring-aspects-5.1.2.RELEASE.jar;E:\soltware_install\apache-maven-3.2.5\store\mysql\mysql-connector-java\8.0.17\mysql-connector-java-8.0.17.jar;E:\soltware_install\apache-maven-3.2.5\store\org\springframework\boot\spring-boot-starter-freemarker\2.1.0.BUILD-SNAPSHOT\spring-boot-starter-freemarker-2.1.0.BUILD-SNAPSHOT.jar;E:\soltware_install\apache-maven-3.2.5\store\org\springframework\boot\spring-boot-starter\2.1.0.BUILD-SNAPSHOT\spring-boot-starter-2.1.0.BUILD-SNAPSHOT.jar;E:\soltware_install\apache-maven-3.2.5\store\org\springframework\boot\spring-boot-starter-logging\2.1.0.BUILD-SNAPSHOT\spring-boot-starter-logging-2.1.0.BUILD-SNAPSHOT.jar;E:\soltware_install\apache-maven-3.2.5\store\ch\qos\logback\logback-classic\1.2.3\logback-classic-1.2.3.jar;E:\soltware_install\apache-maven-3.2.5\store\ch\qos\logback\logback-core\1.2.3\logback-core-1.2.3.jar;E:\soltware_install\apache-maven-3.2.5\store\org\apache\logging\log4j\log4j-to-slf4j\2.11.1\log4j-to-slf4j-2.11.1.jar;E:\soltware_install\apache-maven-3.2.5\store\org\apache\logging\log4j\log4j-api\2.11.1\log4j-api-2.11.1.jar;E:\soltware_install\apache-maven-3.2.5\store\org\slf4j\jul-to-slf4j\1.7.25\jul-to-slf4j-1.7.25.jar;E:\soltware_install\apache-maven-3.2.5\store\javax\annotation\javax.annotation-api\1.3.2\javax.annotation-api-1.3.2.jar;E:\soltware_install\apache-maven-3.2.5\store\org\yaml\snakeyaml\1.23\snakeyaml-1.23.jar;E:\soltware_install\apache-maven-3.2.5\store\org\freemarker\freemarker\2.3.28\freemarker-2.3.28.jar;E:\soltware_install\apache-maven-3.2.5\store\org\springframework\spring-context-support\5.1.2.RELEASE\spring-context-support-5.1.2.RELEASE.jar;E:\soltware_install\apache-maven-3.2.5\store\org\springframework\boot\spring-boot-starter-web\2.1.0.BUILD-SNAPSHOT\spring-boot-starter-web-2.1.0.BUILD-SNAPSHOT.jar;E:\soltware_install\apache-maven-3.2.5\store\org\springframework\boot\spring-boot-starter-json\2.1.0.BUILD-SNAPSHOT\spring-boot-starter-json-2.1.0.BUILD-SNAPSHOT.jar;E:\soltware_install\apache-maven-3.2.5\store\com\fasterxml\jackson\core\jackson-databind\2.9.7\jackson-databind-2.9.7.jar;E:\soltware_install\apache-maven-3.2.5\store\com\fasterxml\jackson\core\jackson-annotations\2.9.0\jackson-annotations-2.9.0.jar;E:\soltware_install\apache-maven-3.2.5\store\com\fasterxml\jackson\core\jackson-core\2.9.7\jackson-core-2.9.7.jar;E:\soltware_install\apache-maven-3.2.5\store\com\fasterxml\jackson\datatype\jackson-datatype-jdk8\2.9.7\jackson-datatype-jdk8-2.9.7.jar;E:\soltware_install\apache-maven-3.2.5\store\com\fasterxml\jackson\datatype\jackson-datatype-jsr310\2.9.7\jackson-datatype-jsr310-2.9.7.jar;E:\soltware_install\apache-maven-3.2.5\store\com\fasterxml\jackson\module\jackson-module-parameter-names\2.9.7\jackson-module-parameter-names-2.9.7.jar;E:\soltware_install\apache-maven-3.2.5\store\org\springframework\boot\spring-boot-starter-tomcat\2.1.0.BUILD-SNAPSHOT\spring-boot-starter-tomcat-2.1.0.BUILD-SNAPSHOT.jar;E:\soltware_install\apache-maven-3.2.5\store\org\apache\tomcat\embed\tomcat-embed-core\9.0.12\tomcat-embed-core-9.0.12.jar;E:\soltware_install\apache-maven-3.2.5\store\org\apache\tomcat\embed\tomcat-embed-el\9.0.12\tomcat-embed-el-9.0.12.jar;E:\soltware_install\apache-maven-3.2.5\store\org\apache\tomcat\embed\tomcat-embed-websocket\9.0.12\tomcat-embed-websocket-9.0.12.jar;E:\soltware_install\apache-maven-3.2.5\store\org\hibernate\validator\hibernate-validator\6.0.13.Final\hibernate-validator-6.0.13.Final.jar;E:\soltware_install\apache-maven-3.2.5\store\javax\validation\validation-api\2.0.1.Final\validation-api-2.0.1.Final.jar;E:\soltware_install\apache-maven-3.2.5\store\org\springframework\spring-web\5.1.2.RELEASE\spring-web-5.1.2.RELEASE.jar;E:\soltware_install\apache-maven-3.2.5\store\org\springframework\spring-webmvc\5.1.2.RELEASE\spring-webmvc-5.1.2.RELEASE.jar;E:\soltware_install\apache-maven-3.2.5\store\org\springframework\spring-expression\5.1.2.RELEASE\spring-expression-5.1.2.RELEASE.jar;E:\soltware_install\apache-maven-3.2.5\store\org\springframework\boot\spring-boot-starter-test\2.1.0.BUILD-SNAPSHOT\spring-boot-starter-test-2.1.0.BUILD-SNAPSHOT.jar;E:\soltware_install\apache-maven-3.2.5\store\org\springframework\boot\spring-boot-test\2.1.0.BUILD-SNAPSHOT\spring-boot-test-2.1.0.BUILD-SNAPSHOT.jar;E:\soltware_install\apache-maven-3.2.5\store\org\springframework\boot\spring-boot-test-autoconfigure\2.1.0.BUILD-SNAPSHOT\spring-boot-test-autoconfigure-2.1.0.BUILD-SNAPSHOT.jar;E:\soltware_install\apache-maven-3.2.5\store\com\jayway\jsonpath\json-path\2.4.0\json-path-2.4.0.jar;E:\soltware_install\apache-maven-3.2.5\store\net\minidev\json-smart\2.3\json-smart-2.3.jar;E:\soltware_install\apache-maven-3.2.5\store\net\minidev\accessors-smart\1.2\accessors-smart-1.2.jar;E:\soltware_install\apache-maven-3.2.5\store\org\ow2\asm\asm\5.0.4\asm-5.0.4.jar;E:\soltware_install\apache-maven-3.2.5\store\junit\junit\4.12\junit-4.12.jar;E:\soltware_install\apache-maven-3.2.5\store\org\assertj\assertj-core\3.11.1\assertj-core-3.11.1.jar;E:\soltware_install\apache-maven-3.2.5\store\org\mockito\mockito-core\2.23.0\mockito-core-2.23.0.jar;E:\soltware_install\apache-maven-3.2.5\store\net\bytebuddy\byte-buddy-agent\1.9.3\byte-buddy-agent-1.9.3.jar;E:\soltware_install\apache-maven-3.2.5\store\org\objenesis\objenesis\2.6\objenesis-2.6.jar;E:\soltware_install\apache-maven-3.2.5\store\org\hamcrest\hamcrest-core\1.3\hamcrest-core-1.3.jar;E:\soltware_install\apache-maven-3.2.5\store\org\hamcrest\hamcrest-library\1.3\hamcrest-library-1.3.jar;E:\soltware_install\apache-maven-3.2.5\store\org\skyscreamer\jsonassert\1.5.0\jsonassert-1.5.0.jar;E:\soltware_install\apache-maven-3.2.5\store\com\vaadin\external\google\android-json\0.0.20131108.vaadin1\android-json-0.0.20131108.vaadin1.jar;E:\soltware_install\apache-maven-3.2.5\store\org\springframework\spring-core\5.1.2.RELEASE\spring-core-5.1.2.RELEASE.jar;E:\soltware_install\apache-maven-3.2.5\store\org\springframework\spring-jcl\5.1.2.RELEASE\spring-jcl-5.1.2.RELEASE.jar;E:\soltware_install\apache-maven-3.2.5\store\org\springframework\spring-test\5.1.2.RELEASE\spring-test-5.1.2.RELEASE.jar;E:\soltware_install\apache-maven-3.2.5\store\org\xmlunit\xmlunit-core\2.6.2\xmlunit-core-2.6.2.jar;E:\soltware_install\apache-maven-3.2.5\store\org\apache\commons\commons-lang3\3.8.1\commons-lang3-3.8.1.jar;E:\soltware_install\apache-maven-3.2.5\store\commons-codec\commons-codec\1.11\commons-codec-1.11.jar;E:\soltware_install\apache-maven-3.2.5\store\org\springframework\boot\spring-boot-starter-mail\2.1.0.BUILD-SNAPSHOT\spring-boot-starter-mail-2.1.0.BUILD-SNAPSHOT.jar;E:\soltware_install\apache-maven-3.2.5\store\org\springframework\spring-context\5.1.2.RELEASE\spring-context-5.1.2.RELEASE.jar;E:\soltware_install\apache-maven-3.2.5\store\com\sun\mail\javax.mail\1.6.2\javax.mail-1.6.2.jar;E:\soltware_install\apache-maven-3.2.5\store\javax\activation\activation\1.1\activation-1.1.jar;E:\soltware_install\apache-maven-3.2.5\store\com\alibaba\fastjson\1.2.31\fastjson-1.2.31.jar;E:\soltware_install\apache-maven-3.2.5\store\org\springframework\boot\spring-boot-devtools\2.1.0.BUILD-SNAPSHOT\spring-boot-devtools-2.1.0.BUILD-SNAPSHOT.jar;E:\soltware_install\apache-maven-3.2.5\store\org\springframework\boot\spring-boot\2.1.0.BUILD-SNAPSHOT\spring-boot-2.1.0.BUILD-SNAPSHOT.jar;E:\soltware_install\apache-maven-3.2.5\store\org\springframework\boot\spring-boot-autoconfigure\2.1.0.BUILD-SNAPSHOT\spring-boot-autoconfigure-2.1.0.BUILD-SNAPSHOT.jar;"/>
    <property name="java.vm.vendor" value="Oracle Corporation"/>
    <property name="sun.arch.data.model" value="64"/>
    <property name="user.variant" value=""/>
    <property name="java.vendor.url" value="http://java.oracle.com/"/>
    <property name="user.timezone" value="GMT+08:00"/>
    <property name="java.vm.specification.version" value="1.8"/>
    <property name="os.name" value="Windows 8.1"/>
    <property name="user.country" value="CN"/>
    <property name="sun.java.launcher" value="SUN_STANDARD"/>
    <property name="sun.boot.library.path" value="E:\soltware_install\jdk1.8.0_20_x64\jre\bin"/>
    <property name="sun.java.command" value="C:\Users\Long\AppData\Local\Temp\surefire4473560856078285445\surefirebooter6862359544989754428.jar C:\Users\Long\AppData\Local\Temp\surefire4473560856078285445 2021-11-08T18-45-56_334-jvmRun1 surefire7509192508996799448tmp surefire_08858877161822428603tmp"/>
    <property name="surefire.test.class.path" value="G:\IT实战平台\项目统一整理\2021-10-27\猿来入此\javaweb\付费下载含论文项目\宿舍维修上报\源码数据库\项目源码\communcity\target\test-classes;G:\IT实战平台\项目统一整理\2021-10-27\猿来入此\javaweb\付费下载含论文项目\宿舍维修上报\源码数据库\项目源码\communcity\target\classes;E:\soltware_install\apache-maven-3.2.5\store\org\springframework\boot\spring-boot-starter-data-jpa\2.1.0.BUILD-SNAPSHOT\spring-boot-starter-data-jpa-2.1.0.BUILD-SNAPSHOT.jar;E:\soltware_install\apache-maven-3.2.5\store\org\springframework\boot\spring-boot-starter-aop\2.1.0.BUILD-SNAPSHOT\spring-boot-starter-aop-2.1.0.BUILD-SNAPSHOT.jar;E:\soltware_install\apache-maven-3.2.5\store\org\springframework\spring-aop\5.1.2.RELEASE\spring-aop-5.1.2.RELEASE.jar;E:\soltware_install\apache-maven-3.2.5\store\org\aspectj\aspectjweaver\1.9.2\aspectjweaver-1.9.2.jar;E:\soltware_install\apache-maven-3.2.5\store\org\springframework\boot\spring-boot-starter-jdbc\2.1.0.BUILD-SNAPSHOT\spring-boot-starter-jdbc-2.1.0.BUILD-SNAPSHOT.jar;E:\soltware_install\apache-maven-3.2.5\store\com\zaxxer\HikariCP\3.2.0\HikariCP-3.2.0.jar;E:\soltware_install\apache-maven-3.2.5\store\org\springframework\spring-jdbc\5.1.2.RELEASE\spring-jdbc-5.1.2.RELEASE.jar;E:\soltware_install\apache-maven-3.2.5\store\javax\transaction\javax.transaction-api\1.3\javax.transaction-api-1.3.jar;E:\soltware_install\apache-maven-3.2.5\store\javax\xml\bind\jaxb-api\2.3.1\jaxb-api-2.3.1.jar;E:\soltware_install\apache-maven-3.2.5\store\javax\activation\javax.activation-api\1.2.0\javax.activation-api-1.2.0.jar;E:\soltware_install\apache-maven-3.2.5\store\org\hibernate\hibernate-core\5.3.7.Final\hibernate-core-5.3.7.Final.jar;E:\soltware_install\apache-maven-3.2.5\store\org\jboss\logging\jboss-logging\3.3.2.Final\jboss-logging-3.3.2.Final.jar;E:\soltware_install\apache-maven-3.2.5\store\javax\persistence\javax.persistence-api\2.2\javax.persistence-api-2.2.jar;E:\soltware_install\apache-maven-3.2.5\store\org\javassist\javassist\3.23.1-GA\javassist-3.23.1-GA.jar;E:\soltware_install\apache-maven-3.2.5\store\net\bytebuddy\byte-buddy\1.9.3\byte-buddy-1.9.3.jar;E:\soltware_install\apache-maven-3.2.5\store\antlr\antlr\2.7.7\antlr-2.7.7.jar;E:\soltware_install\apache-maven-3.2.5\store\org\jboss\jandex\2.0.5.Final\jandex-2.0.5.Final.jar;E:\soltware_install\apache-maven-3.2.5\store\com\fasterxml\classmate\1.4.0\classmate-1.4.0.jar;E:\soltware_install\apache-maven-3.2.5\store\org\dom4j\dom4j\2.1.1\dom4j-2.1.1.jar;E:\soltware_install\apache-maven-3.2.5\store\org\hibernate\common\hibernate-commons-annotations\5.0.4.Final\hibernate-commons-annotations-5.0.4.Final.jar;E:\soltware_install\apache-maven-3.2.5\store\org\springframework\data\spring-data-jpa\2.1.2.RELEASE\spring-data-jpa-2.1.2.RELEASE.jar;E:\soltware_install\apache-maven-3.2.5\store\org\springframework\data\spring-data-commons\2.1.2.RELEASE\spring-data-commons-2.1.2.RELEASE.jar;E:\soltware_install\apache-maven-3.2.5\store\org\springframework\spring-orm\5.1.2.RELEASE\spring-orm-5.1.2.RELEASE.jar;E:\soltware_install\apache-maven-3.2.5\store\org\springframework\spring-tx\5.1.2.RELEASE\spring-tx-5.1.2.RELEASE.jar;E:\soltware_install\apache-maven-3.2.5\store\org\springframework\spring-beans\5.1.2.RELEASE\spring-beans-5.1.2.RELEASE.jar;E:\soltware_install\apache-maven-3.2.5\store\org\slf4j\slf4j-api\1.7.25\slf4j-api-1.7.25.jar;E:\soltware_install\apache-maven-3.2.5\store\org\springframework\spring-aspects\5.1.2.RELEASE\spring-aspects-5.1.2.RELEASE.jar;E:\soltware_install\apache-maven-3.2.5\store\mysql\mysql-connector-java\8.0.17\mysql-connector-java-8.0.17.jar;E:\soltware_install\apache-maven-3.2.5\store\org\springframework\boot\spring-boot-starter-freemarker\2.1.0.BUILD-SNAPSHOT\spring-boot-starter-freemarker-2.1.0.BUILD-SNAPSHOT.jar;E:\soltware_install\apache-maven-3.2.5\store\org\springframework\boot\spring-boot-starter\2.1.0.BUILD-SNAPSHOT\spring-boot-starter-2.1.0.BUILD-SNAPSHOT.jar;E:\soltware_install\apache-maven-3.2.5\store\org\springframework\boot\spring-boot-starter-logging\2.1.0.BUILD-SNAPSHOT\spring-boot-starter-logging-2.1.0.BUILD-SNAPSHOT.jar;E:\soltware_install\apache-maven-3.2.5\store\ch\qos\logback\logback-classic\1.2.3\logback-classic-1.2.3.jar;E:\soltware_install\apache-maven-3.2.5\store\ch\qos\logback\logback-core\1.2.3\logback-core-1.2.3.jar;E:\soltware_install\apache-maven-3.2.5\store\org\apache\logging\log4j\log4j-to-slf4j\2.11.1\log4j-to-slf4j-2.11.1.jar;E:\soltware_install\apache-maven-3.2.5\store\org\apache\logging\log4j\log4j-api\2.11.1\log4j-api-2.11.1.jar;E:\soltware_install\apache-maven-3.2.5\store\org\slf4j\jul-to-slf4j\1.7.25\jul-to-slf4j-1.7.25.jar;E:\soltware_install\apache-maven-3.2.5\store\javax\annotation\javax.annotation-api\1.3.2\javax.annotation-api-1.3.2.jar;E:\soltware_install\apache-maven-3.2.5\store\org\yaml\snakeyaml\1.23\snakeyaml-1.23.jar;E:\soltware_install\apache-maven-3.2.5\store\org\freemarker\freemarker\2.3.28\freemarker-2.3.28.jar;E:\soltware_install\apache-maven-3.2.5\store\org\springframework\spring-context-support\5.1.2.RELEASE\spring-context-support-5.1.2.RELEASE.jar;E:\soltware_install\apache-maven-3.2.5\store\org\springframework\boot\spring-boot-starter-web\2.1.0.BUILD-SNAPSHOT\spring-boot-starter-web-2.1.0.BUILD-SNAPSHOT.jar;E:\soltware_install\apache-maven-3.2.5\store\org\springframework\boot\spring-boot-starter-json\2.1.0.BUILD-SNAPSHOT\spring-boot-starter-json-2.1.0.BUILD-SNAPSHOT.jar;E:\soltware_install\apache-maven-3.2.5\store\com\fasterxml\jackson\core\jackson-databind\2.9.7\jackson-databind-2.9.7.jar;E:\soltware_install\apache-maven-3.2.5\store\com\fasterxml\jackson\core\jackson-annotations\2.9.0\jackson-annotations-2.9.0.jar;E:\soltware_install\apache-maven-3.2.5\store\com\fasterxml\jackson\core\jackson-core\2.9.7\jackson-core-2.9.7.jar;E:\soltware_install\apache-maven-3.2.5\store\com\fasterxml\jackson\datatype\jackson-datatype-jdk8\2.9.7\jackson-datatype-jdk8-2.9.7.jar;E:\soltware_install\apache-maven-3.2.5\store\com\fasterxml\jackson\datatype\jackson-datatype-jsr310\2.9.7\jackson-datatype-jsr310-2.9.7.jar;E:\soltware_install\apache-maven-3.2.5\store\com\fasterxml\jackson\module\jackson-module-parameter-names\2.9.7\jackson-module-parameter-names-2.9.7.jar;E:\soltware_install\apache-maven-3.2.5\store\org\springframework\boot\spring-boot-starter-tomcat\2.1.0.BUILD-SNAPSHOT\spring-boot-starter-tomcat-2.1.0.BUILD-SNAPSHOT.jar;E:\soltware_install\apache-maven-3.2.5\store\org\apache\tomcat\embed\tomcat-embed-core\9.0.12\tomcat-embed-core-9.0.12.jar;E:\soltware_install\apache-maven-3.2.5\store\org\apache\tomcat\embed\tomcat-embed-el\9.0.12\tomcat-embed-el-9.0.12.jar;E:\soltware_install\apache-maven-3.2.5\store\org\apache\tomcat\embed\tomcat-embed-websocket\9.0.12\tomcat-embed-websocket-9.0.12.jar;E:\soltware_install\apache-maven-3.2.5\store\org\hibernate\validator\hibernate-validator\6.0.13.Final\hibernate-validator-6.0.13.Final.jar;E:\soltware_install\apache-maven-3.2.5\store\javax\validation\validation-api\2.0.1.Final\validation-api-2.0.1.Final.jar;E:\soltware_install\apache-maven-3.2.5\store\org\springframework\spring-web\5.1.2.RELEASE\spring-web-5.1.2.RELEASE.jar;E:\soltware_install\apache-maven-3.2.5\store\org\springframework\spring-webmvc\5.1.2.RELEASE\spring-webmvc-5.1.2.RELEASE.jar;E:\soltware_install\apache-maven-3.2.5\store\org\springframework\spring-expression\5.1.2.RELEASE\spring-expression-5.1.2.RELEASE.jar;E:\soltware_install\apache-maven-3.2.5\store\org\springframework\boot\spring-boot-starter-test\2.1.0.BUILD-SNAPSHOT\spring-boot-starter-test-2.1.0.BUILD-SNAPSHOT.jar;E:\soltware_install\apache-maven-3.2.5\store\org\springframework\boot\spring-boot-test\2.1.0.BUILD-SNAPSHOT\spring-boot-test-2.1.0.BUILD-SNAPSHOT.jar;E:\soltware_install\apache-maven-3.2.5\store\org\springframework\boot\spring-boot-test-autoconfigure\2.1.0.BUILD-SNAPSHOT\spring-boot-test-autoconfigure-2.1.0.BUILD-SNAPSHOT.jar;E:\soltware_install\apache-maven-3.2.5\store\com\jayway\jsonpath\json-path\2.4.0\json-path-2.4.0.jar;E:\soltware_install\apache-maven-3.2.5\store\net\minidev\json-smart\2.3\json-smart-2.3.jar;E:\soltware_install\apache-maven-3.2.5\store\net\minidev\accessors-smart\1.2\accessors-smart-1.2.jar;E:\soltware_install\apache-maven-3.2.5\store\org\ow2\asm\asm\5.0.4\asm-5.0.4.jar;E:\soltware_install\apache-maven-3.2.5\store\junit\junit\4.12\junit-4.12.jar;E:\soltware_install\apache-maven-3.2.5\store\org\assertj\assertj-core\3.11.1\assertj-core-3.11.1.jar;E:\soltware_install\apache-maven-3.2.5\store\org\mockito\mockito-core\2.23.0\mockito-core-2.23.0.jar;E:\soltware_install\apache-maven-3.2.5\store\net\bytebuddy\byte-buddy-agent\1.9.3\byte-buddy-agent-1.9.3.jar;E:\soltware_install\apache-maven-3.2.5\store\org\objenesis\objenesis\2.6\objenesis-2.6.jar;E:\soltware_install\apache-maven-3.2.5\store\org\hamcrest\hamcrest-core\1.3\hamcrest-core-1.3.jar;E:\soltware_install\apache-maven-3.2.5\store\org\hamcrest\hamcrest-library\1.3\hamcrest-library-1.3.jar;E:\soltware_install\apache-maven-3.2.5\store\org\skyscreamer\jsonassert\1.5.0\jsonassert-1.5.0.jar;E:\soltware_install\apache-maven-3.2.5\store\com\vaadin\external\google\android-json\0.0.20131108.vaadin1\android-json-0.0.20131108.vaadin1.jar;E:\soltware_install\apache-maven-3.2.5\store\org\springframework\spring-core\5.1.2.RELEASE\spring-core-5.1.2.RELEASE.jar;E:\soltware_install\apache-maven-3.2.5\store\org\springframework\spring-jcl\5.1.2.RELEASE\spring-jcl-5.1.2.RELEASE.jar;E:\soltware_install\apache-maven-3.2.5\store\org\springframework\spring-test\5.1.2.RELEASE\spring-test-5.1.2.RELEASE.jar;E:\soltware_install\apache-maven-3.2.5\store\org\xmlunit\xmlunit-core\2.6.2\xmlunit-core-2.6.2.jar;E:\soltware_install\apache-maven-3.2.5\store\org\apache\commons\commons-lang3\3.8.1\commons-lang3-3.8.1.jar;E:\soltware_install\apache-maven-3.2.5\store\commons-codec\commons-codec\1.11\commons-codec-1.11.jar;E:\soltware_install\apache-maven-3.2.5\store\org\springframework\boot\spring-boot-starter-mail\2.1.0.BUILD-SNAPSHOT\spring-boot-starter-mail-2.1.0.BUILD-SNAPSHOT.jar;E:\soltware_install\apache-maven-3.2.5\store\org\springframework\spring-context\5.1.2.RELEASE\spring-context-5.1.2.RELEASE.jar;E:\soltware_install\apache-maven-3.2.5\store\com\sun\mail\javax.mail\1.6.2\javax.mail-1.6.2.jar;E:\soltware_install\apache-maven-3.2.5\store\javax\activation\activation\1.1\activation-1.1.jar;E:\soltware_install\apache-maven-3.2.5\store\com\alibaba\fastjson\1.2.31\fastjson-1.2.31.jar;E:\soltware_install\apache-maven-3.2.5\store\org\springframework\boot\spring-boot-devtools\2.1.0.BUILD-SNAPSHOT\spring-boot-devtools-2.1.0.BUILD-SNAPSHOT.jar;E:\soltware_install\apache-maven-3.2.5\store\org\springframework\boot\spring-boot\2.1.0.BUILD-SNAPSHOT\spring-boot-2.1.0.BUILD-SNAPSHOT.jar;E:\soltware_install\apache-maven-3.2.5\store\org\springframework\boot\spring-boot-autoconfigure\2.1.0.BUILD-SNAPSHOT\spring-boot-autoconfigure-2.1.0.BUILD-SNAPSHOT.jar;"/>
    <property name="sun.cpu.endian" value="little"/>
    <property name="user.home" value="C:\Users\Long"/>
    <property name="user.language" value="zh"/>
    <property name="java.specification.vendor" value="Oracle Corporation"/>
    <property name="java.home" value="E:\soltware_install\jdk1.8.0_20_x64\jre"/>
    <property name="basedir" value="G:\IT实战平台\项目统一整理\2021-10-27\猿来入此\javaweb\付费下载含论文项目\宿舍维修上报\源码数据库\项目源码\communcity"/>
    <property name="file.separator" value="\"/>
    <property name="line.separator" value="&#10;"/>
    <property name="java.vm.specification.vendor" value="Oracle Corporation"/>
    <property name="java.specification.name" value="Java Platform API Specification"/>
    <property name="java.awt.graphicsenv" value="sun.awt.Win32GraphicsEnvironment"/>
    <property name="surefire.real.class.path" value="C:\Users\Long\AppData\Local\Temp\surefire4473560856078285445\surefirebooter6862359544989754428.jar"/>
    <property name="sun.boot.class.path" value="E:\soltware_install\jdk1.8.0_20_x64\jre\lib\resources.jar;E:\soltware_install\jdk1.8.0_20_x64\jre\lib\rt.jar;E:\soltware_install\jdk1.8.0_20_x64\jre\lib\sunrsasign.jar;E:\soltware_install\jdk1.8.0_20_x64\jre\lib\jsse.jar;E:\soltware_install\jdk1.8.0_20_x64\jre\lib\jce.jar;E:\soltware_install\jdk1.8.0_20_x64\jre\lib\charsets.jar;E:\soltware_install\jdk1.8.0_20_x64\jre\lib\jfr.jar;E:\soltware_install\jdk1.8.0_20_x64\jre\classes"/>
    <property name="user.script" value=""/>
    <property name="sun.management.compiler" value="HotSpot 64-Bit Tiered Compilers"/>
    <property name="java.runtime.version" value="1.8.0_20-b26"/>
    <property name="user.name" value="Long"/>
    <property name="path.separator" value=";"/>
    <property name="os.version" value="6.3"/>
    <property name="java.endorsed.dirs" value="E:\soltware_install\jdk1.8.0_20_x64\jre\lib\endorsed"/>
    <property name="java.runtime.name" value="Java(TM) SE Runtime Environment"/>
    <property name="file.encoding" value="GBK"/>
    <property name="java.vm.name" value="Java HotSpot(TM) 64-Bit Server VM"/>
    <property name="localRepository" value="E:\soltware_install\apache-maven-3.2.5\store"/>
    <property name="java.vendor.url.bug" value="http://bugreport.sun.com/bugreport/"/>
    <property name="java.io.tmpdir" value="C:\Users\Long\AppData\Local\Temp\"/>
    <property name="idea.version" value="2018.2.2"/>
    <property name="java.version" value="1.8.0_20"/>
    <property name="user.dir" value="G:\IT实战平台\项目统一整理\2021-10-27\猿来入此\javaweb\付费下载含论文项目\宿舍维修上报\源码数据库\项目源码\communcity"/>
    <property name="os.arch" value="amd64"/>
    <property name="java.vm.specification.name" value="Java Virtual Machine Specification"/>
    <property name="java.awt.printerjob" value="sun.awt.windows.WPrinterJob"/>
    <property name="sun.os.patch.level" value=""/>
    <property name="java.library.path" value="E:\soltware_install\jdk1.8.0_20_x64\jre\bin;C:\WINDOWS\Sun\Java\bin;C:\WINDOWS\system32;C:\WINDOWS;E:\soltware_install\oracle\bin;C:\windows\system32;C:\windows;C:\windows\System32\Wbem;C:\windows\System32\WindowsPowerShell\v1.0\;C:\windows\System32\OpenSSH\;C:\Program Files (x86)\NVIDIA Corporation\PhysX\Common;C:\Program Files\NVIDIA Corporation\NVIDIA NvDLISR;E:\soltware_install\Git\cmd;C:\Program Files\TortoiseGit\bin;E:\soltware_install\nodejs\;;%SystemRoot%\system32;%SystemRoot%;%SystemRoot%\System32\Wbem;%SYSTEMROOT%\System32\WindowsPowerShell\v1.0\;%SYSTEMROOT%\System32\OpenSSH\;C:\Users\Long\AppData\Local\Microsoft\WindowsApps;E:\soltware_install\jdk1.8.0_20_x64\bin;E:\soltware_install\apache-maven-3.2.5\bin;C:\Users\Long\AppData\Roaming\npm;;."/>
    <property name="java.vm.info" value="mixed mode"/>
    <property name="java.vendor" value="Oracle Corporation"/>
    <property name="java.vm.version" value="25.20-b23"/>
    <property name="java.ext.dirs" value="E:\soltware_install\jdk1.8.0_20_x64\jre\lib\ext;C:\WINDOWS\Sun\Java\lib\ext"/>
    <property name="sun.io.unicode.encoding" value="UnicodeLittle"/>
    <property name="maven.repo.local" value="E:\soltware_install\apache-maven-3.2.5\store"/>
    <property name="java.class.version" value="52.0"/>
  </properties>
  <testcase name="test1" classname="com.bysj.base.AppTest" time="0.264"/>
</testsuite>